[ 2016-06-20T14:04:55+08:00 ] 127.0.0.1 GET /
INFO: [ start ] --process--
INFO: haha
INFO: [ start ] --after--
INFO: [ stop ] --process--

[ 2016-06-20T14:06:07+08:00 ] 127.0.0.1 GET /
INFO: [ start ] --process--
INFO: haha
INFO: [ start ] --after--
INFO: [ stop ] --process--

[ 2016-06-20T14:06:48+08:00 ] 127.0.0.1 GET /
INFO: [ start ] --process--
INFO: haha
INFO: [ start ] --after--
INFO: [ stop ] --process--

[ 2016-06-20T14:07:03+08:00 ] 127.0.0.1 GET /
INFO: [ start ] --process--
INFO: haha
INFO: [ start ] --after--
INFO: [ stop ] --process--

[ 2016-06-20T14:08:10+08:00 ] 127.0.0.1 GET /
INFO: [ start ] --process--
INFO: haha
INFO: [ start ] --after--
INFO: [ stop ] --process--

[ 2016-06-20T14:10:22+08:00 ] 127.0.0.1 GET /
INFO: [ start ] --process--
INFO: haha
INFO: [ start ] --after--
INFO: [ stop ] --process--

[ 2016-06-20T14:12:48+08:00 ] 127.0.0.1 GET /
INFO: [ start ] --process--
INFO: haha
INFO: [ start ] --after--
INFO: [ stop ] --process--

[ 2016-06-20T15:34:00+08:00 ] 127.0.0.1 GET /
INFO: [ start ] --process--
INFO: haha
INFO: [ start ] --after--
INFO: [ stop ] --process--

[ 2016-06-20T15:34:25+08:00 ] 127.0.0.1 GET /
INFO: [ start ] --process--
INFO: haha
INFO: [ start ] --after--
INFO: [ stop ] --process--

[ 2016-06-20T15:34:42+08:00 ] 127.0.0.1 GET /?ssd
INFO: [ start ] --process--
INFO: haha
INFO: [ start ] --after--
INFO: [ stop ] --process--

[ 2016-06-20T15:34:54+08:00 ] 127.0.0.1 GET /?ssd
INFO: [ start ] --process--
INFO: haha
INFO: [ start ] --after--
INFO: [ stop ] --process--

[ 2016-06-20T15:34:58+08:00 ] 127.0.0.1 GET /?ssd=3
INFO: [ start ] --process--
INFO: haha
INFO: [ start ] --after--
INFO: [ stop ] --process--

[ 2016-06-20T15:35:07+08:00 ] 127.0.0.1 GET /?ssd=3
INFO: [ start ] --process--
INFO: haha
INFO: [ start ] --after--
INFO: [ stop ] --process--

[ 2016-06-20T15:43:10+08:00 ] 127.0.0.1 GET /?ssd=3
INFO: [ start ] --process--
INFO: haha
INFO: [ start ] --after--
INFO: [ stop ] --process--

[ 2016-06-20T15:43:26+08:00 ] 127.0.0.1 GET /?ssd=3
INFO: [ start ] --process--
INFO: haha
INFO: [ start ] --after--
INFO: [ stop ] --process--

[ 2016-06-20T15:43:30+08:00 ] 127.0.0.1 GET /?ssd=3
INFO: [ start ] --process--
INFO: haha
INFO: [ start ] --after--
INFO: [ stop ] --process--

[ 2016-06-20T15:43:41+08:00 ] 127.0.0.1 GET /?ssd=3
INFO: [ start ] --process--
INFO: haha
INFO: [ start ] --after--
INFO: [ stop ] --process--

[ 2016-06-20T15:43:44+08:00 ] 127.0.0.1 GET /?ssd=3
INFO: [ start ] --process--
INFO: haha
INFO: [ start ] --after--
INFO: [ stop ] --process--

[ 2016-06-20T15:43:47+08:00 ] 127.0.0.1 GET /?ssd=3
INFO: [ start ] --process--
INFO: haha
INFO: [ start ] --after--
INFO: [ stop ] --process--

[ 2016-06-20T16:19:03+08:00 ] 127.0.0.1 GET /?ssd=3
INFO: [ start ] --process--
INFO: haha
INFO: [ start ] --after--
INFO: [ stop ] --process--

[ 2016-06-20T16:36:31+08:00 ] 127.0.0.1 GET /?ssd=3
INFO: [ start ] --process--
INFO: haha
INFO: [ start ] --after--
INFO: [ stop ] --process--

[ 2016-06-20T16:43:43+08:00 ] 127.0.0.1 GET /?ssd=3
INFO: [ start ] --process--
INFO: haha
INFO: [ start ] --after--
INFO: [ stop ] --process--

[ 2016-06-20T17:17:25+08:00 ] 127.0.0.1 GET /?ssd=3
INFO: [ start ] --process--
INFO: haha
INFO: [ start ] --after--
INFO: [ stop ] --process--

[ 2016-06-20T17:19:38+08:00 ] 127.0.0.1 GET /?ssd=3
INFO: [ start ] --process--
INFO: haha
INFO: [ start ] --after--
INFO: [ stop ] --process--

[ 2016-06-20T17:21:12+08:00 ] 127.0.0.1 GET /?ssd=3
INFO: [ start ] --process--
INFO: haha
INFO: [ start ] --after--
INFO: [ stop ] --process--

[ 2016-06-20T17:25:21+08:00 ] 127.0.0.1 GET /?ssd=3
INFO: [ start ] --process--
INFO: haha
INFO: [ start ] --after--
INFO: [ stop ] --process--

[ 2016-06-20T17:29:41+08:00 ] 127.0.0.1 GET /?ssd=3
INFO: [ start ] --process--
INFO: haha
INFO: [ start ] --after--
INFO: [ stop ] --process--

[ 2016-06-20T17:30:07+08:00 ] 127.0.0.1 GET /?ssd=3
INFO: [ start ] --process--
INFO: haha
INFO: [ start ] --after--
INFO: [ stop ] --process--

