[ 2016-06-21T16:52:13+08:00 ] 127.0.0.1 GET /?ssd=3
INFO: [ start ] --process--
INFO: haha
INFO: [ start ] --after--
INFO: [ stop ] --process--

[ 2016-06-21T16:53:21+08:00 ] 127.0.0.1 GET /?ssd=3
INFO: [ start ] --process--
INFO: haha
INFO: [ start ] --after--
INFO: [ stop ] --process--

[ 2016-06-21T16:54:25+08:00 ] 127.0.0.1 GET /?ssd=3
INFO: [ start ] --process--
INFO: haha
INFO: [ start ] --after--
INFO: [ stop ] --process--

[ 2016-06-21T17:24:55+08:00 ] 127.0.0.1 GET /sdgggs/
INFO: [ start ] --process--
INFO: haha
INFO: [ start ] --after--
INFO: [ stop ] --process--

[ 2016-06-21T17:25:02+08:00 ] 127.0.0.1 GET /dggs/
INFO: [ start ] --process--
INFO: haha
INFO: [ start ] --after--
INFO: [ stop ] --process--

[ 2016-06-21T17:28:26+08:00 ] 127.0.0.1 GET /dggs/
INFO: [ start ] --process--
INFO: haha
INFO: [ start ] --after--
INFO: [ stop ] --process--

[ 2016-06-21T17:28:34+08:00 ] 127.0.0.1 GET /dggs/
INFO: [ start ] --process--
INFO: haha
INFO: [ start ] --after--
INFO: [ stop ] --process--

[ 2016-06-21T17:32:02+08:00 ] 127.0.0.1 GET /dggs/
INFO: [ start ] --process--
INFO: haha
INFO: [ start ] --after--
INFO: [ stop ] --process--

[ 2016-06-21T21:12:34+08:00 ] 127.0.0.1 GET /dggs/
INFO: [ start ] --process--
INFO: haha
INFO: [ start ] --after--
INFO: [ stop ] --process--

