[ 2016-06-22T08:23:54+08:00 ] 127.0.0.1 GET /
INFO: [ start ] --process--
INFO: haha
INFO: [ start ] --after--
INFO: [ stop ] --process--

[ 2016-06-22T08:24:37+08:00 ] 127.0.0.1 GET /
INFO: [ start ] --process--
INFO: haha
INFO: [ start ] --after--
INFO: [ stop ] --process--

[ 2016-06-22T08:25:11+08:00 ] 127.0.0.1 GET /
INFO: [ start ] --process--
INFO: haha
INFO: [ start ] --after--
INFO: [ stop ] --process--

[ 2016-06-22T08:25:41+08:00 ] 127.0.0.1 GET /
INFO: [ start ] --process--
INFO: haha
INFO: [ start ] --after--
INFO: [ stop ] --process--

